Determining if the pthread_create exist failed with the following output:
Change Dir: /home/abdullah/modern_cpp/modern_cpp_web_app/homework_3/fmt-8.0.1/build/CMakeFiles/CMakeTmp

Run Build Command:"/usr/bin/make" "cmTC_33f4f/fast"
/usr/bin/make -f CMakeFiles/cmTC_33f4f.dir/build.make CMakeFiles/cmTC_33f4f.dir/build
make[1]: Entering directory '/home/abdullah/modern_cpp/modern_cpp_web_app/homework_3/fmt-8.0.1/build/CMakeFiles/CMakeTmp'
Building CXX object CMakeFiles/cmTC_33f4f.dir/CheckSymbolExists.cxx.o
/usr/lib/ccache/c++    -std=gnu++11 -o CMakeFiles/cmTC_33f4f.dir/CheckSymbolExists.cxx.o -c /home/abdullah/modern_cpp/modern_cpp_web_app/homework_3/fmt-8.0.1/build/CMakeFiles/CMakeTmp/CheckSymbolExists.cxx
Linking CXX executable cmTC_33f4f
/usr/bin/cmake -E cmake_link_script CMakeFiles/cmTC_33f4f.dir/link.txt --verbose=1
/usr/lib/ccache/c++       CMakeFiles/cmTC_33f4f.dir/CheckSymbolExists.cxx.o  -o cmTC_33f4f 
CMakeFiles/cmTC_33f4f.dir/CheckSymbolExists.cxx.o: In function `main':
CheckSymbolExists.cxx:(.text+0x1b): undefined reference to `pthread_create'
collect2: error: ld returned 1 exit status
CMakeFiles/cmTC_33f4f.dir/build.make:97: recipe for target 'cmTC_33f4f' failed
make[1]: *** [cmTC_33f4f] Error 1
make[1]: Leaving directory '/home/abdullah/modern_cpp/modern_cpp_web_app/homework_3/fmt-8.0.1/build/CMakeFiles/CMakeTmp'
Makefile:126: recipe for target 'cmTC_33f4f/fast' failed
make: *** [cmTC_33f4f/fast] Error 2

File /home/abdullah/modern_cpp/modern_cpp_web_app/homework_3/fmt-8.0.1/build/CMakeFiles/CMakeTmp/CheckSymbolExists.cxx:
/* */
#include <pthread.h>

int main(int argc, char** argv)
{
  (void)argv;
#ifndef pthread_create
  return ((int*)(&pthread_create))[argc];
#else
  (void)argc;
  return 0;
#endif
}

Determining if the function pthread_create exists in the pthreads failed with the following output:
Change Dir: /home/abdullah/modern_cpp/modern_cpp_web_app/homework_3/fmt-8.0.1/build/CMakeFiles/CMakeTmp

Run Build Command:"/usr/bin/make" "cmTC_39345/fast"
/usr/bin/make -f CMakeFiles/cmTC_39345.dir/build.make CMakeFiles/cmTC_39345.dir/build
make[1]: Entering directory '/home/abdullah/modern_cpp/modern_cpp_web_app/homework_3/fmt-8.0.1/build/CMakeFiles/CMakeTmp'
Building CXX object CMakeFiles/cmTC_39345.dir/CheckFunctionExists.cxx.o
/usr/lib/ccache/c++    -DCHECK_FUNCTION_EXISTS=pthread_create   -std=gnu++11 -o CMakeFiles/cmTC_39345.dir/CheckFunctionExists.cxx.o -c /home/abdullah/modern_cpp/modern_cpp_web_app/homework_3/fmt-8.0.1/build/CMakeFiles/CheckLibraryExists/CheckFunctionExists.cxx
Linking CXX executable cmTC_39345
/usr/bin/cmake -E cmake_link_script CMakeFiles/cmTC_39345.dir/link.txt --verbose=1
/usr/lib/ccache/c++   -DCHECK_FUNCTION_EXISTS=pthread_create    CMakeFiles/cmTC_39345.dir/CheckFunctionExists.cxx.o  -o cmTC_39345 -lpthreads 
/usr/bin/ld: cannot find -lpthreads
collect2: error: ld returned 1 exit status
CMakeFiles/cmTC_39345.dir/build.make:97: recipe for target 'cmTC_39345' failed
make[1]: *** [cmTC_39345] Error 1
make[1]: Leaving directory '/home/abdullah/modern_cpp/modern_cpp_web_app/homework_3/fmt-8.0.1/build/CMakeFiles/CMakeTmp'
Makefile:126: recipe for target 'cmTC_39345/fast' failed
make: *** [cmTC_39345/fast] Error 2


